MyProject/ZXingDemo/app/build/outputs/logs/manifest-merger-debug-report.txt
-- Merging decision tree log ---
manifest
ADDED from src\main\AndroidManifest.xml:2:1-29:12
	package
		ADDED from src\main\AndroidManifest.xml:3:2-31
		INJECTED from src\main\AndroidManifest.xml
		INJECTED from src\main\AndroidManifest.xml
	android:versionName
		ADDED from src\main\AndroidManifest.xml:4:2-27
		INJECTED from src\main\AndroidManifest.xml
		INJECTED from src\main\AndroidManifest.xml
	android:versionCode
		ADDED from src\main\AndroidManifest.xml:3:32-55
		INJECTED from src\main\AndroidManifest.xml
		INJECTED from src\main\AndroidManifest.xml
	xmlns:android
		ADDED from src\main\AndroidManifest.xml:2:11-69
uses-sdk
ADDED from src\main\AndroidManifest.xml:5:2-40
	android:targetSdkVersion
		INJECTED from src\main\AndroidManifest.xml
		INJECTED from src\main\AndroidManifest.xml
	android:minSdkVersion
		ADDED from src\main\AndroidManifest.xml:5:12-37
		INJECTED from src\main\AndroidManifest.xml
		INJECTED from src\main\AndroidManifest.xml
application
ADDED from src\main\AndroidManifest.xml:7:2-22:16
	android:label
		ADDED from src\main\AndroidManifest.xml:7:48-80
	android:icon
		ADDED from src\main\AndroidManifest.xml:7:15-47
activity#com.alan.Zxing.Demo.CaptureActivity
ADDED from src\main\AndroidManifest.xml:10:3-20:14
	android:screenOrientation
		ADDED from src\main\AndroidManifest.xml:11:4-40
	android:windowSoftInputMode
		ADDED from src\main\AndroidManifest.xml:14:4-51
	android:configChanges
		ADDED from src\main\AndroidManifest.xml:12:4-54
	android:theme
		ADDED from src\main\AndroidManifest.xml:13:4-62
	android:name
		ADDED from src\main\AndroidManifest.xml:10:13-63
intent-filter#android.intent.action.MAIN+android.intent.category.LAUNCHER
ADDED from src\main\AndroidManifest.xml:16:4-19:20
action#android.intent.action.MAIN
ADDED from src\main\AndroidManifest.xml:17:5-57
	android:name
		ADDED from src\main\AndroidManifest.xml:17:13-54
category#android.intent.category.LAUNCHER
ADDED from src\main\AndroidManifest.xml:18:5-65
	android:name
		ADDED from src\main\AndroidManifest.xml:18:15-62
uses-permission#android.permission.CAMERA
ADDED from src\main\AndroidManifest.xml:23:2-78
	android:name
		ADDED from src\main\AndroidManifest.xml:23:19-59
uses-permission#android.permission.WRITE_EXTERNAL_STORAGE
ADDED from src\main\AndroidManifest.xml:24:2-94
	android:name
		ADDED from src\main\AndroidManifest.xml:24:19-75
uses-feature#android.hardware.camera
ADDED from src\main\AndroidManifest.xml:25:2-57
	android:name
		ADDED from src\main\AndroidManifest.xml:25:16-54
uses-feature#android.hardware.camera.autofocus
ADDED from src\main\AndroidManifest.xml:26:2-67
	android:name
		ADDED from src\main\AndroidManifest.xml:26:16-64
uses-permission#android.permission.VIBRATE
ADDED from src\main\AndroidManifest.xml:27:4-64
	android:name
		ADDED from src\main\AndroidManifest.xml:27:21-62
uses-permission#android.permission.FLASHLIGHT
ADDED from src\main\AndroidManifest.xml:28:3-66
	android:name
		ADDED from src\main\AndroidManifest.xml:28:20-64